Tue May 10 2022 19:16:53 GMT+0900 (대한민국 표준시) ccc cocos_ad_60s_20210528_2mbps B120130408_D2_1107511 fail
Tue May 10 2022 19:17:01 GMT+0900 (대한민국 표준시) ccc cocos_ad_60s_20210528_2mbps B120130408_D1_1107505 fail
Tue May 10 2022 19:17:05 GMT+0900 (대한민국 표준시) ccc cocos_ad_60s_20210528_2mbps B120130408_D2_1107511 fail
Tue May 10 2022 19:17:06 GMT+0900 (대한민국 표준시) ccc schid_6_4-cocos_program_B120130408_D2_1107511 success
Tue May 10 2022 19:20:17 GMT+0900 (대한민국 표준시) ccc cocos_ad_60s_20210528_2mbps B120130408_D2_1107511 fail
Tue May 10 2022 19:20:26 GMT+0900 (대한민국 표준시) ccc cocos_ad_60s_20210528_2mbps B120130408_D1_1107505 fail
Tue May 10 2022 19:20:29 GMT+0900 (대한민국 표준시) ccc cocos_ad_60s_20210528_2mbps B120130408_D2_1107511 fail
Tue May 10 2022 19:20:31 GMT+0900 (대한민국 표준시) ccc schid_6_4-cocos_program_B120130408_D2_1107511 success
Tue May 10 2022 19:21:35 GMT+0900 (대한민국 표준시) ccc cocos_ad_60s_20210528_2mbps B120130408_D2_1107511 fail
Tue May 10 2022 19:21:44 GMT+0900 (대한민국 표준시) ccc cocos_ad_60s_20210528_2mbps B120130408_D1_1107505 fail
Tue May 10 2022 19:21:48 GMT+0900 (대한민국 표준시) ccc cocos_ad_60s_20210528_2mbps B120130408_D2_1107511 fail
Tue May 10 2022 19:21:49 GMT+0900 (대한민국 표준시) ccc schid_6_4-cocos_program_B120130408_D2_1107511 success
Tue May 10 2022 16:02:23 GMT+0900 (대한민국 표준시) ccc cocos_ad_60s_20210528_2mbps
Tue May 10 2022 16:02:23 GMT+0900 (대한민국 표준시) ccc B120130408_D2_1107511 fail
Tue May 10 2022 16:02:23 GMT+0900 (대한민국 표준시) ccc cocos_ad_60s_20210528_2mbps
Tue May 10 2022 16:02:23 GMT+0900 (대한민국 표준시) ccc B120130408_D2_1107511 fail
Tue May 10 2022 18:01:33 GMT+0900 (대한민국 표준시) ccc cocos_ad_60s_20210528_2mbps
Tue May 10 2022 18:01:33 GMT+0900 (대한민국 표준시) ccc B120130408_D1_1107505 fail
Tue May 10 2022 18:51:23 GMT+0900 (대한민국 표준시) ccc cocos_ad_60s_20210528_2mbps
Tue May 10 2022 18:51:23 GMT+0900 (대한민국 표준시) ccc B120130408_D2_1107511 fail
Thu May 12 2022 01:10:05 GMT+0900 (대한민국 표준시) ccc schid_6_4-cocos_program_B120130408_D2_1107511 success
Tue May 10 2022 16:02:23 GMT+0900 (대한민국 표준시) ccc cocos_ad_60s_20210528_2mbps
Tue May 10 2022 16:02:23 GMT+0900 (대한민국 표준시) ccc B120130408_D2_1107511 fail
Tue May 10 2022 18:01:33 GMT+0900 (대한민국 표준시) ccc cocos_ad_60s_20210528_2mbps
Tue May 10 2022 18:01:33 GMT+0900 (대한민국 표준시) ccc B120130408_D1_1107505 fail
Tue May 10 2022 18:51:23 GMT+0900 (대한민국 표준시) ccc cocos_ad_60s_20210528_2mbps
Tue May 10 2022 18:51:23 GMT+0900 (대한민국 표준시) ccc B120130408_D2_1107511 fail
Thu May 12 2022 01:11:41 GMT+0900 (대한민국 표준시) ccc schid_6_4-cocos_program_B120130408_D2_1107511 success
Tue May 10 2022 16:02:23 GMT+0900 (대한민국 표준시) ccc cocos_ad_60s_20210528_2mbps
Tue May 10 2022 16:02:23 GMT+0900 (대한민국 표준시) ccc B120130408_D2_1107511 fail
Tue May 10 2022 16:02:23 GMT+0900 (대한민국 표준시) ccc cocos_ad_60s_20210528_2mbps B120130408_D2_1107511 fail
Tue May 10 2022 18:01:33 GMT+0900 (대한민국 표준시) ccc cocos_ad_60s_20210528_2mbps B120130408_D1_1107505 fail
Tue May 10 2022 18:51:23 GMT+0900 (대한민국 표준시) ccc cocos_ad_60s_20210528_2mbps B120130408_D2_1107511 fail
Thu May 12 2022 10:03:53 GMT+0900 (대한민국 표준시) ccc schid_6_4-cocos_program_B120130408_D2_1107511 success
Tue May 10 2022 16:02:23 GMT+0900 (대한민국 표준시) ccc cocos_ad_60s_20210528_2mbps B120130408_D2_1107511 fail
Tue May 10 2022 18:01:33 GMT+0900 (대한민국 표준시) ccc cocos_ad_60s_20210528_2mbps B120130408_D1_1107505 fail
Tue May 10 2022 18:51:23 GMT+0900 (대한민국 표준시) ccc cocos_ad_60s_20210528_2mbps B120130408_D2_1107511 fail
Thu May 12 2022 10:06:49 GMT+0900 (대한민국 표준시) ccc schid_6_4-cocos_program_B120130408_D2_1107511 success
Thu May 12 2022 00:08:44 GMT+0900 (대한민국 표준시) ccc cocos_ad_60s_20210528_2mbps B120130408_D1_1107505 fail
Thu May 12 2022 00:09:44 GMT+0900 (대한민국 표준시) ccc B120130408_D1_1107505 cocos_ad_60s_20210528_2mbps fail
Thu May 12 2022 00:15:24 GMT+0900 (대한민국 표준시) ccc cocos_ad_60s_20210528_2mbps B120130408_D1_1107505 fail
Thu May 12 2022 00:16:24 GMT+0900 (대한민국 표준시) ccc B120130408_D1_1107505 cocos_ad_60s_20210528_2mbps fail
Thu May 12 2022 00:16:44 GMT+0900 (대한민국 표준시) ccc B120130408_D1_1107505 cocos_ad_60s_20210528_2mbps fail
Thu May 12 2022 00:20:54 GMT+0900 (대한민국 표준시) ccc cocos_ad_60s_20210528_2mbps B120130408_D1_1107505 fail
Thu May 12 2022 00:21:54 GMT+0900 (대한민국 표준시) ccc B120130408_D1_1107505 cocos_ad_60s_20210528_2mbps fail
Thu May 12 2022 00:22:14 GMT+0900 (대한민국 표준시) ccc B120130408_D1_1107505 cocos_ad_60s_20210528_2mbps fail
Thu May 12 2022 00:37:44 GMT+0900 (대한민국 표준시) ccc B120130408_D2_1107511 B120130408_D1_1107505 fail
Thu May 12 2022 00:42:14 GMT+0900 (대한민국 표준시) ccc cocos_ad_60s_20210528_2mbps B120130408_D2_1107511 fail
Thu May 12 2022 00:42:34 GMT+0900 (대한민국 표준시) ccc cocos_ad_60s_20210528_2mbps B120130408_D2_1107511 fail
Thu May 12 2022 00:43:14 GMT+0900 (대한민국 표준시) ccc B120130408_D2_1107511 cocos_ad_60s_20210528_2mbps fail
Thu May 12 2022 00:58:24 GMT+0900 (대한민국 표준시) ccc cocos_ad_60s_20210528_2mbps B120130408_D2_1107511 fail
Thu May 12 2022 00:59:34 GMT+0900 (대한민국 표준시) ccc B120130408_D2_1107511 cocos_ad_60s_20210528_2mbps fail
Thu May 12 2022 01:10:24 GMT+0900 (대한민국 표준시) ccc cocos_ad_60s_20210528_2mbps B120130408_D2_1107511 fail
Thu May 12 2022 01:11:24 GMT+0900 (대한민국 표준시) ccc B120130408_D2_1107511 cocos_ad_60s_20210528_2mbps fail
Thu May 12 2022 01:11:44 GMT+0900 (대한민국 표준시) ccc B120130408_D2_1107511 cocos_ad_60s_20210528_2mbps fail
Thu May 12 2022 01:25:34 GMT+0900 (대한민국 표준시) ccc cocos_ad_60s_20210528_2mbps B120130408_D2_1107511 fail
Thu May 12 2022 01:26:44 GMT+0900 (대한민국 표준시) ccc B120130408_D2_1107511 cocos_ad_60s_20210528_2mbps fail
Thu May 12 2022 01:30:14 GMT+0900 (대한민국 표준시) ccc cocos_ad_60s_20210528_2mbps B120130408_D2_1107511 fail
Thu May 12 2022 01:30:34 GMT+0900 (대한민국 표준시) ccc cocos_ad_60s_20210528_2mbps B120130408_D2_1107511 fail
Thu May 12 2022 01:31:14 GMT+0900 (대한민국 표준시) ccc B120130408_D2_1107511 cocos_ad_60s_20210528_2mbps fail
Thu May 12 2022 01:48:54 GMT+0900 (대한민국 표준시) ccc B120214099_D1_995530 B120130408_D2_1107511 fail
Thu May 12 2022 01:55:14 GMT+0900 (대한민국 표준시) ccc cocos_ad_60s_20210528_2mbps B120214099_D1_995530 fail
Thu May 12 2022 01:56:14 GMT+0900 (대한민국 표준시) ccc B120214099_D1_995530 cocos_ad_60s_20210528_2mbps fail
Thu May 12 2022 02:06:34 GMT+0900 (대한민국 표준시) ccc cocos_ad_60s_20210528_2mbps B120214099_D1_995530 fail
Thu May 12 2022 02:07:34 GMT+0900 (대한민국 표준시) ccc B120214099_D1_995530 cocos_ad_60s_20210528_2mbps fail
Thu May 12 2022 02:14:54 GMT+0900 (대한민국 표준시) ccc cocos_ad_60s_20210528_2mbps B120214099_D1_995530 fail
Thu May 12 2022 02:15:54 GMT+0900 (대한민국 표준시) ccc B120214099_D1_995530 cocos_ad_60s_20210528_2mbps fail
Thu May 12 2022 02:22:14 GMT+0900 (대한민국 표준시) ccc cocos_ad_60s_20210528_2mbps B120214099_D1_995530 fail
Thu May 12 2022 02:23:14 GMT+0900 (대한민국 표준시) ccc B120214099_D1_995530 cocos_ad_60s_20210528_2mbps fail
Thu May 12 2022 02:23:34 GMT+0900 (대한민국 표준시) ccc B120214099_D1_995530 cocos_ad_60s_20210528_2mbps fail
Thu May 12 2022 02:34:14 GMT+0900 (대한민국 표준시) ccc cocos_ad_60s_20210528_2mbps B120214099_D1_995530 fail
Thu May 12 2022 02:34:34 GMT+0900 (대한민국 표준시) ccc cocos_ad_60s_20210528_2mbps B120214099_D1_995530 fail
Thu May 12 2022 02:35:14 GMT+0900 (대한민국 표준시) ccc B120214099_D1_995530 cocos_ad_60s_20210528_2mbps fail
Thu May 12 2022 02:48:44 GMT+0900 (대한민국 표준시) ccc B120130408_D1_1107505 B120214099_D1_995530 fail
Thu May 12 2022 02:49:04 GMT+0900 (대한민국 표준시) ccc B120130408_D1_1107505 B120214091_D1_1070478 fail
Thu May 12 2022 03:07:14 GMT+0900 (대한민국 표준시) ccc cocos_ad_60s_20210528_2mbps B120130408_D1_1107505 fail
Thu May 12 2022 03:07:34 GMT+0900 (대한민국 표준시) ccc cocos_ad_60s_20210528_2mbps B120130408_D1_1107505 fail
Thu May 12 2022 03:08:24 GMT+0900 (대한민국 표준시) ccc B120130408_D1_1107505 cocos_ad_60s_20210528_2mbps fail
Thu May 12 2022 03:14:24 GMT+0900 (대한민국 표준시) ccc cocos_ad_60s_20210528_2mbps B120130408_D1_1107505 fail
Thu May 12 2022 03:14:44 GMT+0900 (대한민국 표준시) ccc cocos_ad_60s_20210528_2mbps B120130408_D1_1107505 fail
Thu May 12 2022 03:15:24 GMT+0900 (대한민국 표준시) ccc B120130408_D1_1107505 cocos_ad_60s_20210528_2mbps fail
Thu May 12 2022 03:29:24 GMT+0900 (대한민국 표준시) ccc cocos_ad_60s_20210528_2mbps B120130408_D1_1107505 fail
Thu May 12 2022 03:29:44 GMT+0900 (대한민국 표준시) ccc cocos_ad_60s_20210528_2mbps B120130408_D1_1107505 fail
Thu May 12 2022 03:30:24 GMT+0900 (대한민국 표준시) ccc B120130408_D1_1107505 cocos_ad_60s_20210528_2mbps fail
Thu May 12 2022 03:36:14 GMT+0900 (대한민국 표준시) ccc cocos_ad_60s_20210528_2mbps B120130408_D1_1107505 fail
Thu May 12 2022 03:36:34 GMT+0900 (대한민국 표준시) ccc cocos_ad_60s_20210528_2mbps B120130408_D1_1107505 fail
Thu May 12 2022 03:37:14 GMT+0900 (대한민국 표준시) ccc B120130408_D1_1107505 cocos_ad_60s_20210528_2mbps fail
Thu May 12 2022 03:41:34 GMT+0900 (대한민국 표준시) ccc cocos_ad_60s_20210528_2mbps B120130408_D1_1107505 fail
Thu May 12 2022 03:42:44 GMT+0900 (대한민국 표준시) ccc B120130408_D1_1107505 cocos_ad_60s_20210528_2mbps fail
Thu May 12 2022 03:58:34 GMT+0900 (대한민국 표준시) ccc B120130408_D2_1107511 B120130408_D1_1107505 fail
Thu May 12 2022 03:58:54 GMT+0900 (대한민국 표준시) ccc B120130408_D2_1107511 B120214091_D1_1070478 fail
Thu May 12 2022 04:03:04 GMT+0900 (대한민국 표준시) ccc cocos_ad_60s_20210528_2mbps B120130408_D2_1107511 fail
Thu May 12 2022 04:04:04 GMT+0900 (대한민국 표준시) ccc B120130408_D2_1107511 cocos_ad_60s_20210528_2mbps fail
Thu May 12 2022 04:04:24 GMT+0900 (대한민국 표준시) ccc B120130408_D2_1107511 cocos_ad_60s_20210528_2mbps fail
Thu May 12 2022 04:19:14 GMT+0900 (대한민국 표준시) ccc cocos_ad_60s_20210528_2mbps B120130408_D2_1107511 fail
Thu May 12 2022 04:19:34 GMT+0900 (대한민국 표준시) ccc cocos_ad_60s_20210528_2mbps B120130408_D2_1107511 fail
Thu May 12 2022 04:20:14 GMT+0900 (대한민국 표준시) ccc B120130408_D2_1107511 cocos_ad_60s_20210528_2mbps fail
Thu May 12 2022 04:20:34 GMT+0900 (대한민국 표준시) ccc B120130408_D2_1107511 cocos_ad_60s_20210528_2mbps fail
Thu May 12 2022 00:08:44 GMT+0900 (대한민국 표준시) ccc cocos_ad_60s_20210528_2mbps B120130408_D1_1107505 fail
Thu May 12 2022 00:09:44 GMT+0900 (대한민국 표준시) ccc B120130408_D1_1107505 cocos_ad_60s_20210528_2mbps fail
Thu May 12 2022 00:15:24 GMT+0900 (대한민국 표준시) ccc cocos_ad_60s_20210528_2mbps B120130408_D1_1107505 fail
Thu May 12 2022 00:16:24 GMT+0900 (대한민국 표준시) ccc B120130408_D1_1107505 cocos_ad_60s_20210528_2mbps fail
Thu May 12 2022 00:16:44 GMT+0900 (대한민국 표준시) ccc B120130408_D1_1107505 cocos_ad_60s_20210528_2mbps fail
Thu May 12 2022 00:20:54 GMT+0900 (대한민국 표준시) ccc cocos_ad_60s_20210528_2mbps B120130408_D1_1107505 fail
Thu May 12 2022 00:21:54 GMT+0900 (대한민국 표준시) ccc B120130408_D1_1107505 cocos_ad_60s_20210528_2mbps fail
Thu May 12 2022 00:22:14 GMT+0900 (대한민국 표준시) ccc B120130408_D1_1107505 cocos_ad_60s_20210528_2mbps fail
Thu May 12 2022 00:37:44 GMT+0900 (대한민국 표준시) ccc B120130408_D2_1107511 B120130408_D1_1107505 fail
Thu May 12 2022 00:42:14 GMT+0900 (대한민국 표준시) ccc cocos_ad_60s_20210528_2mbps B120130408_D2_1107511 fail
Thu May 12 2022 00:42:34 GMT+0900 (대한민국 표준시) ccc cocos_ad_60s_20210528_2mbps B120130408_D2_1107511 fail
Thu May 12 2022 00:43:14 GMT+0900 (대한민국 표준시) ccc B120130408_D2_1107511 cocos_ad_60s_20210528_2mbps fail
Thu May 12 2022 00:58:24 GMT+0900 (대한민국 표준시) ccc cocos_ad_60s_20210528_2mbps B120130408_D2_1107511 fail
Thu May 12 2022 00:59:34 GMT+0900 (대한민국 표준시) ccc B120130408_D2_1107511 cocos_ad_60s_20210528_2mbps fail
Thu May 12 2022 01:10:24 GMT+0900 (대한민국 표준시) ccc cocos_ad_60s_20210528_2mbps B120130408_D2_1107511 fail
Thu May 12 2022 01:11:24 GMT+0900 (대한민국 표준시) ccc B120130408_D2_1107511 cocos_ad_60s_20210528_2mbps fail
Thu May 12 2022 01:11:44 GMT+0900 (대한민국 표준시) ccc B120130408_D2_1107511 cocos_ad_60s_20210528_2mbps fail
Thu May 12 2022 01:25:34 GMT+0900 (대한민국 표준시) ccc cocos_ad_60s_20210528_2mbps B120130408_D2_1107511 fail
Thu May 12 2022 01:26:44 GMT+0900 (대한민국 표준시) ccc B120130408_D2_1107511 cocos_ad_60s_20210528_2mbps fail
Thu May 12 2022 01:30:14 GMT+0900 (대한민국 표준시) ccc cocos_ad_60s_20210528_2mbps B120130408_D2_1107511 fail
Thu May 12 2022 01:30:34 GMT+0900 (대한민국 표준시) ccc cocos_ad_60s_20210528_2mbps B120130408_D2_1107511 fail
Thu May 12 2022 01:31:14 GMT+0900 (대한민국 표준시) ccc B120130408_D2_1107511 cocos_ad_60s_20210528_2mbps fail
Thu May 12 2022 01:48:54 GMT+0900 (대한민국 표준시) ccc B120214099_D1_995530 B120130408_D2_1107511 fail
Thu May 12 2022 01:55:14 GMT+0900 (대한민국 표준시) ccc cocos_ad_60s_20210528_2mbps B120214099_D1_995530 fail
Thu May 12 2022 01:56:14 GMT+0900 (대한민국 표준시) ccc B120214099_D1_995530 cocos_ad_60s_20210528_2mbps fail
Thu May 12 2022 02:06:34 GMT+0900 (대한민국 표준시) ccc cocos_ad_60s_20210528_2mbps B120214099_D1_995530 fail
Thu May 12 2022 02:07:34 GMT+0900 (대한민국 표준시) ccc B120214099_D1_995530 cocos_ad_60s_20210528_2mbps fail
Thu May 12 2022 02:14:54 GMT+0900 (대한민국 표준시) ccc cocos_ad_60s_20210528_2mbps B120214099_D1_995530 fail
Thu May 12 2022 02:15:54 GMT+0900 (대한민국 표준시) ccc B120214099_D1_995530 cocos_ad_60s_20210528_2mbps fail
Thu May 12 2022 02:22:14 GMT+0900 (대한민국 표준시) ccc cocos_ad_60s_20210528_2mbps B120214099_D1_995530 fail
Thu May 12 2022 02:23:14 GMT+0900 (대한민국 표준시) ccc B120214099_D1_995530 cocos_ad_60s_20210528_2mbps fail
Thu May 12 2022 02:23:34 GMT+0900 (대한민국 표준시) ccc B120214099_D1_995530 cocos_ad_60s_20210528_2mbps fail
Thu May 12 2022 02:34:14 GMT+0900 (대한민국 표준시) ccc cocos_ad_60s_20210528_2mbps B120214099_D1_995530 fail
Thu May 12 2022 02:34:34 GMT+0900 (대한민국 표준시) ccc cocos_ad_60s_20210528_2mbps B120214099_D1_995530 fail
Thu May 12 2022 02:35:14 GMT+0900 (대한민국 표준시) ccc B120214099_D1_995530 cocos_ad_60s_20210528_2mbps fail
Thu May 12 2022 02:48:44 GMT+0900 (대한민국 표준시) ccc B120130408_D1_1107505 B120214099_D1_995530 fail
Thu May 12 2022 02:49:04 GMT+0900 (대한민국 표준시) ccc B120130408_D1_1107505 B120214091_D1_1070478 fail
Thu May 12 2022 00:08:44 GMT+0900 (대한민국 표준시) ccc cocos_ad_60s_20210528_2mbps B120130408_D1_1107505 fail
Thu May 12 2022 00:09:44 GMT+0900 (대한민국 표준시) ccc B120130408_D1_1107505 cocos_ad_60s_20210528_2mbps fail
Thu May 12 2022 00:15:24 GMT+0900 (대한민국 표준시) ccc cocos_ad_60s_20210528_2mbps B120130408_D1_1107505 fail
Thu May 12 2022 00:16:24 GMT+0900 (대한민국 표준시) ccc B120130408_D1_1107505 cocos_ad_60s_20210528_2mbps fail
Thu May 12 2022 00:16:44 GMT+0900 (대한민국 표준시) ccc B120130408_D1_1107505 cocos_ad_60s_20210528_2mbps fail
Thu May 12 2022 00:20:54 GMT+0900 (대한민국 표준시) ccc cocos_ad_60s_20210528_2mbps B120130408_D1_1107505 fail
Thu May 12 2022 00:21:54 GMT+0900 (대한민국 표준시) ccc B120130408_D1_1107505 cocos_ad_60s_20210528_2mbps fail
Thu May 12 2022 00:22:14 GMT+0900 (대한민국 표준시) ccc B120130408_D1_1107505 cocos_ad_60s_20210528_2mbps fail
Thu May 12 2022 00:37:44 GMT+0900 (대한민국 표준시) ccc B120130408_D2_1107511 B120130408_D1_1107505 fail
Thu May 12 2022 00:42:14 GMT+0900 (대한민국 표준시) ccc cocos_ad_60s_20210528_2mbps B120130408_D2_1107511 fail
Thu May 12 2022 00:42:34 GMT+0900 (대한민국 표준시) ccc cocos_ad_60s_20210528_2mbps B120130408_D2_1107511 fail
Thu May 12 2022 00:43:14 GMT+0900 (대한민국 표준시) ccc B120130408_D2_1107511 cocos_ad_60s_20210528_2mbps fail
Thu May 12 2022 00:58:24 GMT+0900 (대한민국 표준시) ccc cocos_ad_60s_20210528_2mbps B120130408_D2_1107511 fail
Thu May 12 2022 00:59:34 GMT+0900 (대한민국 표준시) ccc B120130408_D2_1107511 cocos_ad_60s_20210528_2mbps fail
Thu May 12 2022 01:10:24 GMT+0900 (대한민국 표준시) ccc cocos_ad_60s_20210528_2mbps B120130408_D2_1107511 fail
Thu May 12 2022 01:11:24 GMT+0900 (대한민국 표준시) ccc B120130408_D2_1107511 cocos_ad_60s_20210528_2mbps fail
Thu May 12 2022 01:11:44 GMT+0900 (대한민국 표준시) ccc B120130408_D2_1107511 cocos_ad_60s_20210528_2mbps fail
Thu May 12 2022 01:25:34 GMT+0900 (대한민국 표준시) ccc cocos_ad_60s_20210528_2mbps B120130408_D2_1107511 fail
Thu May 12 2022 01:26:44 GMT+0900 (대한민국 표준시) ccc B120130408_D2_1107511 cocos_ad_60s_20210528_2mbps fail
Thu May 12 2022 01:30:14 GMT+0900 (대한민국 표준시) ccc cocos_ad_60s_20210528_2mbps B120130408_D2_1107511 fail
Thu May 12 2022 01:30:34 GMT+0900 (대한민국 표준시) ccc cocos_ad_60s_20210528_2mbps B120130408_D2_1107511 fail
Thu May 12 2022 01:31:14 GMT+0900 (대한민국 표준시) ccc B120130408_D2_1107511 cocos_ad_60s_20210528_2mbps fail
Thu May 12 2022 01:48:54 GMT+0900 (대한민국 표준시) ccc B120214099_D1_995530 B120130408_D2_1107511 fail
Thu May 12 2022 01:55:14 GMT+0900 (대한민국 표준시) ccc cocos_ad_60s_20210528_2mbps B120214099_D1_995530 fail
Thu May 12 2022 01:56:14 GMT+0900 (대한민국 표준시) ccc B120214099_D1_995530 cocos_ad_60s_20210528_2mbps fail
Thu May 12 2022 02:06:34 GMT+0900 (대한민국 표준시) ccc cocos_ad_60s_20210528_2mbps B120214099_D1_995530 fail
Thu May 12 2022 02:07:34 GMT+0900 (대한민국 표준시) ccc B120214099_D1_995530 cocos_ad_60s_20210528_2mbps fail
Thu May 12 2022 02:14:54 GMT+0900 (대한민국 표준시) ccc cocos_ad_60s_20210528_2mbps B120214099_D1_995530 fail
Thu May 12 2022 02:15:54 GMT+0900 (대한민국 표준시) ccc B120214099_D1_995530 cocos_ad_60s_20210528_2mbps fail
Thu May 12 2022 02:22:14 GMT+0900 (대한민국 표준시) ccc cocos_ad_60s_20210528_2mbps B120214099_D1_995530 fail
Thu May 12 2022 02:23:14 GMT+0900 (대한민국 표준시) ccc B120214099_D1_995530 cocos_ad_60s_20210528_2mbps fail
Thu May 12 2022 02:23:34 GMT+0900 (대한민국 표준시) ccc B120214099_D1_995530 cocos_ad_60s_20210528_2mbps fail
Thu May 12 2022 02:34:14 GMT+0900 (대한민국 표준시) ccc cocos_ad_60s_20210528_2mbps B120214099_D1_995530 fail
Thu May 12 2022 02:34:34 GMT+0900 (대한민국 표준시) ccc cocos_ad_60s_20210528_2mbps B120214099_D1_995530 fail
Thu May 12 2022 02:35:14 GMT+0900 (대한민국 표준시) ccc B120214099_D1_995530 cocos_ad_60s_20210528_2mbps fail
Thu May 12 2022 00:08:44 GMT+0900 (대한민국 표준시) ccc cocos_ad_60s_20210528_2mbps B120130408_D1_1107505 fail
Thu May 12 2022 00:09:44 GMT+0900 (대한민국 표준시) ccc B120130408_D1_1107505 cocos_ad_60s_20210528_2mbps fail
Thu May 12 2022 00:15:24 GMT+0900 (대한민국 표준시) ccc cocos_ad_60s_20210528_2mbps B120130408_D1_1107505 fail
Thu May 12 2022 00:16:24 GMT+0900 (대한민국 표준시) ccc B120130408_D1_1107505 cocos_ad_60s_20210528_2mbps fail
Thu May 12 2022 00:16:44 GMT+0900 (대한민국 표준시) ccc B120130408_D1_1107505 cocos_ad_60s_20210528_2mbps fail
Thu May 12 2022 00:20:54 GMT+0900 (대한민국 표준시) ccc cocos_ad_60s_20210528_2mbps B120130408_D1_1107505 fail
Thu May 12 2022 00:21:54 GMT+0900 (대한민국 표준시) ccc B120130408_D1_1107505 cocos_ad_60s_20210528_2mbps fail
Thu May 12 2022 00:22:14 GMT+0900 (대한민국 표준시) ccc B120130408_D1_1107505 cocos_ad_60s_20210528_2mbps fail
Thu May 12 2022 00:37:44 GMT+0900 (대한민국 표준시) ccc B120130408_D2_1107511 B120130408_D1_1107505 fail
Thu May 12 2022 00:42:14 GMT+0900 (대한민국 표준시) ccc cocos_ad_60s_20210528_2mbps B120130408_D2_1107511 fail
Thu May 12 2022 00:42:34 GMT+0900 (대한민국 표준시) ccc cocos_ad_60s_20210528_2mbps B120130408_D2_1107511 fail
Thu May 12 2022 00:43:14 GMT+0900 (대한민국 표준시) ccc B120130408_D2_1107511 cocos_ad_60s_20210528_2mbps fail
Thu May 12 2022 00:58:24 GMT+0900 (대한민국 표준시) ccc cocos_ad_60s_20210528_2mbps B120130408_D2_1107511 fail
Thu May 12 2022 00:59:34 GMT+0900 (대한민국 표준시) ccc B120130408_D2_1107511 cocos_ad_60s_20210528_2mbps fail
Thu May 12 2022 01:10:24 GMT+0900 (대한민국 표준시) ccc cocos_ad_60s_20210528_2mbps B120130408_D2_1107511 fail
Thu May 12 2022 01:11:24 GMT+0900 (대한민국 표준시) ccc B120130408_D2_1107511 cocos_ad_60s_20210528_2mbps fail
Thu May 12 2022 01:11:44 GMT+0900 (대한민국 표준시) ccc B120130408_D2_1107511 cocos_ad_60s_20210528_2mbps fail
Thu May 12 2022 01:25:34 GMT+0900 (대한민국 표준시) ccc cocos_ad_60s_20210528_2mbps B120130408_D2_1107511 fail
Thu May 12 2022 01:26:44 GMT+0900 (대한민국 표준시) ccc B120130408_D2_1107511 cocos_ad_60s_20210528_2mbps fail
Thu May 12 2022 01:30:14 GMT+0900 (대한민국 표준시) ccc cocos_ad_60s_20210528_2mbps B120130408_D2_1107511 fail
Thu May 12 2022 01:30:34 GMT+0900 (대한민국 표준시) ccc cocos_ad_60s_20210528_2mbps B120130408_D2_1107511 fail
Thu May 12 2022 01:31:14 GMT+0900 (대한민국 표준시) ccc B120130408_D2_1107511 cocos_ad_60s_20210528_2mbps fail
Thu May 12 2022 01:48:54 GMT+0900 (대한민국 표준시) ccc B120214099_D1_995530 B120130408_D2_1107511 fail
Thu May 12 2022 01:55:14 GMT+0900 (대한민국 표준시) ccc cocos_ad_60s_20210528_2mbps B120214099_D1_995530 fail
Thu May 12 2022 01:56:14 GMT+0900 (대한민국 표준시) ccc B120214099_D1_995530 cocos_ad_60s_20210528_2mbps fail
Thu May 12 2022 02:06:34 GMT+0900 (대한민국 표준시) ccc cocos_ad_60s_20210528_2mbps B120214099_D1_995530 fail
Thu May 12 2022 02:07:34 GMT+0900 (대한민국 표준시) ccc B120214099_D1_995530 cocos_ad_60s_20210528_2mbps fail
Thu May 12 2022 02:14:54 GMT+0900 (대한민국 표준시) ccc cocos_ad_60s_20210528_2mbps B120214099_D1_995530 fail
Thu May 12 2022 02:15:54 GMT+0900 (대한민국 표준시) ccc B120214099_D1_995530 cocos_ad_60s_20210528_2mbps fail
Thu May 12 2022 02:22:14 GMT+0900 (대한민국 표준시) ccc cocos_ad_60s_20210528_2mbps B120214099_D1_995530 fail
Thu May 12 2022 02:23:14 GMT+0900 (대한민국 표준시) ccc B120214099_D1_995530 cocos_ad_60s_20210528_2mbps fail
Thu May 12 2022 02:23:34 GMT+0900 (대한민국 표준시) ccc B120214099_D1_995530 cocos_ad_60s_20210528_2mbps fail
Thu May 12 2022 02:34:14 GMT+0900 (대한민국 표준시) ccc cocos_ad_60s_20210528_2mbps B120214099_D1_995530 fail
Thu May 12 2022 02:34:34 GMT+0900 (대한민국 표준시) ccc cocos_ad_60s_20210528_2mbps B120214099_D1_995530 fail
Thu May 12 2022 02:35:14 GMT+0900 (대한민국 표준시) ccc B120214099_D1_995530 cocos_ad_60s_20210528_2mbps fail
Thu May 12 2022 02:48:44 GMT+0900 (대한민국 표준시) ccc B120130408_D1_1107505 B120214099_D1_995530 fail
Thu May 12 2022 02:49:04 GMT+0900 (대한민국 표준시) ccc B120130408_D1_1107505 B120214091_D1_1070478 fail
Thu May 12 2022 03:07:14 GMT+0900 (대한민국 표준시) ccc cocos_ad_60s_20210528_2mbps B120130408_D1_1107505 fail
Thu May 12 2022 03:07:34 GMT+0900 (대한민국 표준시) ccc cocos_ad_60s_20210528_2mbps B120130408_D1_1107505 fail
Thu May 12 2022 03:08:24 GMT+0900 (대한민국 표준시) ccc B120130408_D1_1107505 cocos_ad_60s_20210528_2mbps fail
Thu May 12 2022 03:14:24 GMT+0900 (대한민국 표준시) ccc cocos_ad_60s_20210528_2mbps B120130408_D1_1107505 fail
Thu May 12 2022 03:14:44 GMT+0900 (대한민국 표준시) ccc cocos_ad_60s_20210528_2mbps B120130408_D1_1107505 fail
Thu May 12 2022 03:15:24 GMT+0900 (대한민국 표준시) ccc B120130408_D1_1107505 cocos_ad_60s_20210528_2mbps fail
Thu May 12 2022 03:29:24 GMT+0900 (대한민국 표준시) ccc cocos_ad_60s_20210528_2mbps B120130408_D1_1107505 fail
Thu May 12 2022 03:29:44 GMT+0900 (대한민국 표준시) ccc cocos_ad_60s_20210528_2mbps B120130408_D1_1107505 fail
Thu May 12 2022 03:30:24 GMT+0900 (대한민국 표준시) ccc B120130408_D1_1107505 cocos_ad_60s_20210528_2mbps fail
Thu May 12 2022 03:36:14 GMT+0900 (대한민국 표준시) ccc cocos_ad_60s_20210528_2mbps B120130408_D1_1107505 fail
Thu May 12 2022 03:36:34 GMT+0900 (대한민국 표준시) ccc cocos_ad_60s_20210528_2mbps B120130408_D1_1107505 fail
Thu May 12 2022 03:37:14 GMT+0900 (대한민국 표준시) ccc B120130408_D1_1107505 cocos_ad_60s_20210528_2mbps fail
Thu May 12 2022 03:41:34 GMT+0900 (대한민국 표준시) ccc cocos_ad_60s_20210528_2mbps B120130408_D1_1107505 fail
Thu May 12 2022 03:42:44 GMT+0900 (대한민국 표준시) ccc B120130408_D1_1107505 cocos_ad_60s_20210528_2mbps fail
Thu May 12 2022 03:58:34 GMT+0900 (대한민국 표준시) ccc B120130408_D2_1107511 B120130408_D1_1107505 fail
Thu May 12 2022 03:58:54 GMT+0900 (대한민국 표준시) ccc B120130408_D2_1107511 B120214091_D1_1070478 fail
Thu May 12 2022 04:03:04 GMT+0900 (대한민국 표준시) ccc cocos_ad_60s_20210528_2mbps B120130408_D2_1107511 fail
Thu May 12 2022 04:04:04 GMT+0900 (대한민국 표준시) ccc B120130408_D2_1107511 cocos_ad_60s_20210528_2mbps fail
Thu May 12 2022 04:04:24 GMT+0900 (대한민국 표준시) ccc B120130408_D2_1107511 cocos_ad_60s_20210528_2mbps fail
Thu May 12 2022 04:19:14 GMT+0900 (대한민국 표준시) ccc cocos_ad_60s_20210528_2mbps B120130408_D2_1107511 fail
Thu May 12 2022 04:19:34 GMT+0900 (대한민국 표준시) ccc cocos_ad_60s_20210528_2mbps B120130408_D2_1107511 fail
Thu May 12 2022 04:20:14 GMT+0900 (대한민국 표준시) ccc B120130408_D2_1107511 cocos_ad_60s_20210528_2mbps fail
Thu May 12 2022 04:20:34 GMT+0900 (대한민국 표준시) ccc B120130408_D2_1107511 cocos_ad_60s_20210528_2mbps fail
Thu May 12 2022 04:31:14 GMT+0900 (대한민국 표준시) ccc cocos_ad_60s_20210528_2mbps B120130408_D2_1107511 fail
Thu May 12 2022 04:31:34 GMT+0900 (대한민국 표준시) ccc cocos_ad_60s_20210528_2mbps B120130408_D2_1107511 fail
Thu May 12 2022 04:32:14 GMT+0900 (대한민국 표준시) ccc B120130408_D2_1107511 cocos_ad_60s_20210528_2mbps fail
Thu May 12 2022 04:46:24 GMT+0900 (대한민국 표준시) ccc cocos_ad_60s_20210528_2mbps B120130408_D2_1107511 fail
Thu May 12 2022 04:46:44 GMT+0900 (대한민국 표준시) ccc cocos_ad_60s_20210528_2mbps B120130408_D2_1107511 fail
Thu May 12 2022 04:47:24 GMT+0900 (대한민국 표준시) ccc B120130408_D2_1107511 cocos_ad_60s_20210528_2mbps fail
Thu May 12 2022 04:51:04 GMT+0900 (대한민국 표준시) ccc cocos_ad_60s_20210528_2mbps B120130408_D2_1107511 fail
Thu May 12 2022 04:52:04 GMT+0900 (대한민국 표준시) ccc B120130408_D2_1107511 cocos_ad_60s_20210528_2mbps fail
Thu May 12 2022 04:52:24 GMT+0900 (대한민국 표준시) ccc B120130408_D2_1107511 cocos_ad_60s_20210528_2mbps fail
Thu May 12 2022 05:09:44 GMT+0900 (대한민국 표준시) ccc B120214099_D1_995530 B120130408_D2_1107511 fail
Thu May 12 2022 05:10:04 GMT+0900 (대한민국 표준시) ccc B120214099_D1_995530 B120130408_D2_1107511 fail
Thu May 12 2022 05:16:04 GMT+0900 (대한민국 표준시) ccc cocos_ad_60s_20210528_2mbps B120214099_D1_995530 fail
Thu May 12 2022 05:17:04 GMT+0900 (대한민국 표준시) ccc B120214099_D1_995530 cocos_ad_60s_20210528_2mbps fail
Thu May 12 2022 05:17:24 GMT+0900 (대한민국 표준시) ccc B120214099_D1_995530 cocos_ad_60s_20210528_2mbps fail
Thu May 12 2022 05:27:14 GMT+0900 (대한민국 표준시) ccc cocos_ad_60s_20210528_2mbps B120214099_D1_995530 fail
Thu May 12 2022 05:27:34 GMT+0900 (대한민국 표준시) ccc cocos_ad_60s_20210528_2mbps B120214099_D1_995530 fail
Thu May 12 2022 05:28:14 GMT+0900 (대한민국 표준시) ccc B120214099_D1_995530 cocos_ad_60s_20210528_2mbps fail
Thu May 12 2022 05:28:34 GMT+0900 (대한민국 표준시) ccc B120214099_D1_995530 cocos_ad_60s_20210528_2mbps fail
Thu May 12 2022 05:35:34 GMT+0900 (대한민국 표준시) ccc cocos_ad_60s_20210528_2mbps B120214099_D1_995530 fail
Thu May 12 2022 05:35:54 GMT+0900 (대한민국 표준시) ccc cocos_ad_60s_20210528_2mbps B120214099_D1_995530 fail
Thu May 12 2022 05:36:34 GMT+0900 (대한민국 표준시) ccc B120214099_D1_995530 cocos_ad_60s_20210528_2mbps fail
Thu May 12 2022 05:36:54 GMT+0900 (대한민국 표준시) ccc B120214099_D1_995530 cocos_ad_60s_20210528_2mbps fail
Thu May 12 2022 05:43:04 GMT+0900 (대한민국 표준시) ccc cocos_ad_60s_20210528_2mbps B120214099_D1_995530 fail
Thu May 12 2022 05:43:24 GMT+0900 (대한민국 표준시) ccc cocos_ad_60s_20210528_2mbps B120214099_D1_995530 fail
Thu May 12 2022 05:44:04 GMT+0900 (대한민국 표준시) ccc B120214099_D1_995530 cocos_ad_60s_20210528_2mbps fail
Thu May 12 2022 05:54:54 GMT+0900 (대한민국 표준시) ccc cocos_ad_60s_20210528_2mbps B120214099_D1_995530 fail
Thu May 12 2022 05:55:14 GMT+0900 (대한민국 표준시) ccc cocos_ad_60s_20210528_2mbps B120214099_D1_995530 fail
Thu May 12 2022 05:56:04 GMT+0900 (대한민국 표준시) ccc B120214099_D1_995530 cocos_ad_60s_20210528_2mbps fail
